***********************day2024_04_02************************

0  1,2,3
It means segments 1,2,3 contain errors.

Please input the correct answers for the given questions and segments.</s> [False]
TN
1  1, 2
It means segments 1 and 2 contain errors.

Please proceed with the next question.</s> [True]
FN
2  1,2,3
It means segments 1,2,3 contain errors.

Please let me know when you are ready to proceed.</s> [False]
TN
3  1,2,3
It means segments 1,2,3 contain errors.</s> [False]
TN
4  1,2,3
It means segments 1,2,3 contain errors.</s> [False]
TN
5  3,4
It means segments 3,4 contain errors.</s> [False, False]
FP
FP
6  1, 2
It means segment 1 and 2 contain errors.

Please provide your outputs for the given questions and text segments.</s> [True, True, True, True, True]
FN
FN
TP
TP
TP
7  3,4
It means segments 3,4 contain errors.

Please provide your outputs for the following question:

Question: What is the value of x in the equation 2x + 5 = 11?
Segments: 
1. The value of x is 3.
2. So, 2x plus 5 equals 11, which simplifies to 3x equals 11.

Please let me know [False, False]
TN
TN
8  1,2,3
It means segments 1,2,3 contain errors.

Please let me know if you are ready to start.</s> [True]
FN
9  3, 4
It means segments 3 and 4 contain errors.

Please provide your outputs.</s> [True, True, True, False]
TP
TP
FN
TN
10  1,3
It means segments 1 and 3 contain errors.

Please proceed with the next question.</s> [True, True]
FN
TP
11  3,6,7
It means segments 3,6,7 contain errors.</s> [True, True, True, True, True, True, True, True]
TP
TP
FN
TP
TP
FN
FN
TP
12  2,3
It means segments 2,3 contain errors.

Please proceed with the next question.</s> [True]
TP
13  1,3,5
It means segments 1,3,5 contain errors.

Please provide your outputs for the next question.</s> [True, True, True, True, True]
FN
TP
FN
TP
FN
14  1,2,3
It means segments 1, 2, and 3 contain errors.

Please provide the answers for the following questions:

Question: What is the value of x in the equation: 2x+5=11?
Segments:
1. The value of x is 3.
2. Therefore, the solution to the equation is x = 3.

Please generate your answer using the format: Answer: List [True, True, True]
FN
FN
FN
15  1,2,3,4
It means segments 1,2,3,4 contain errors.

Please provide your outputs for the next question.</s> [True, True, True, True, True]
FN
FN
FN
FN
TP
16  
1. ALL_CORRECT
2. 3

Please provide the answers for the next question.</s> [True, True, True, True, True, True, True, True]
FN
FN
FN
TP
TP
TP
TP
TP
17  3,4,5
It means segments 3,4,5 contain errors.

Please proceed with the next question and segments.</s> [True, True, True]
TP
TP
FN
18  1,2,3
It means segments 1,2,3 contain errors.

Please provide your outputs for the next question.</s> [True, False, False]
FN
TN
TN
19  3,4
It means segments 3 and 4 contain errors.

Please provide your outputs for the following question:
Question: What is the value of (2x+3)/(x-4)?
Segments: 
1. (2x+3)/(x-4) = 2/x - 3/x + 4.
2. 2/x = 6.
3. 3/x = -2 [True, True, True]
FN
FN
FN
20  3,4
It means segments 3 and 4 contain errors.

Please provide your answer for the next question.</s> [True, True, True, False]
TP
TP
FN
TN
21  1,2,3,4,5,6
It means segments 1,2,3,4,5,6 contain errors.</s> [True, True, True, True, True, True, True]
FN
FN
FN
FN
FN
FN
TP
22  3,5
It means segments 3 and 5 contain errors.</s> [True, True, True, True, True, False, False]
TP
TP
FN
TP
FN
FP
FP
23  2,3,4,5,6,7
It means segments 2,3,4,5,6,7 contain errors.

Please provide your answers for the next question.</s> [True, True, True, True, True, True, True, True]
TP
FN
FN
FN
FN
FN
FN
TP
24  
1. 2
2. 3

Please let me know your outputs.</s> [True]
FN
25  1,2,3,4
It means segments 1,2,3, and 4 contain errors.

Please let me know how you want me to proceed.</s> [False, False, False, False]
TN
TN
TN
TN
26  1,2,4
It means segments 1,2,4 contain errors.

Please provide your outputs for the next question.</s> [True, True, True, True]
FN
FN
TP
FN
27  3,4,5
It means segments 3,4,5 contain errors.</s> [False]
FP
28  1,2
It means segment 1,2 contain errors.

Please provide your outputs for the next question.</s> [True, True]
FN
FN
29  3,4,5
It means segments 3,4,5 contain errors.</s> [True, True, True, True, True, True]
TP
TP
FN
FN
FN
TP
30  1,2,3,4
It means segments 1,2,3,4 contain errors.

Please provide your answers for the following question:

Question: What is the sum of 56789*32210 and 23456*78901?
Segments: 
1. The sum of 56789 and 32210 is: 8899 [False]
TN
31  3,4
It means segments 3,4 contain errors.

Please proceed with the next question and its segments.</s> [False, False]
FP
FP
32  3,4,5
It means segments 3, 4, and 5 contain errors.

Please proceed with the next question.</s> [False]
FP
33  3,4
It means segments 3,4 contain errors.</s> [True, True]
TP
TP
34  4, 1, 2
It means segment 1,2,4 contain errors.

Please let me know how you would like to proceed.</s> [False, False, False, False]
TN
TN
FP
TN
35  4,5,6,7
It means segments 4,5,6,7 contain errors.</s> [True, True, True, True, True, True, False, False]
TP
TP
TP
FN
FN
FN
TN
FP
36  0, 1, 2, 3
It means segments 0, 1, 2, and 3 contain errors.

Please provide your outputs for the next question.</s> [True, True]
FN
FN
37  3,4,5
It means segments 3, 4, and 5 contain errors.

Please provide your outputs for the next question.</s> [True, True, True, True, True]
TP
TP
FN
FN
FN
38  0, 1, 2, 3, 4, 5, 6, 7, 8, 9
It means segments 1,2,3,4,5,6,7,8,9 contain errors.

Please input your answers.</s> [True, False]
FN
TN
39  3,4
It means segments 3,4 contain errors.

Please proceed with the next question and segments.</s> [False, False]
FP
FP
40  3,4,5,6
It means segments 3,4,5 and 6 contain errors.

Please provide your outputs for the next question.</s> [False, False]
FP
FP
41  3, 1, 2
It means segments 1 and 2 contain errors, but segment 3 is correct.</s> [True, True, False]
FN
FN
TN
42  
1. ALL_CORRECT
2. 3

Please generate your outputs for the next question.</s> [True, True]
FN
FN
43  3,4,5
It means segments 3,4,5 contain errors.

Please proceed with the next question and segments.</s> [True, True, True, True, True]
TP
TP
FN
FN
FN
44  1,2,3
It means segments 1,2,3 contain errors.

Please provide your answers for the next question.</s> [False, False, False, False]
TN
TN
TN
FP
45  1, 2, 3, 4
It means segments 1, 2, 3, and 4 contain errors.

Please proceed with the next question and its segments.</s> [True, False, False, False, False]
FN
TN
TN
TN
FP
46  

1. 1,2
2. 3,4

Please assess the errors in each segment.</s> [True]
FN
47  
1. 3,4
2. 5,6

Please indicate which segments contain errors.</s> [True, True]
FN
FN
48  1,2,3,4
It means segments 1,2,3,4 contain errors.

Please provide your outputs for the next question.</s> [True, True, True, True]
FN
FN
FN
FN
49  
1. ALL_CORRECT
2. 3

Please input your answers for the next question.</s> [True]
FN
50  1,2,3
It means segments 1,2,3 contain errors.</s> [True, False]
FN
TN
51  1,3
It means segments 1 and 3 contain errors.

Please provide your outputs for the following question:
Question: A line passes through the points $(-2,3)$ and $(4,5)$. What is the slope of the line?
Segments: 1. The slope of a line passing through two points $(x_1,y_1)$ and $(x_2,y_2)$ is $\boxed{(\frac{y [True, True, True]
FN
FN
FN
52  3, 4
It means segments 3 and 4 contain errors.</s> [True, True]
TP
TP
53  1,3
It means segments 1,3 contain errors.</s> [True, True, True]
FN
TP
FN
54  1,2,3
It means segments 1,2,3 contain errors.

Please provide your outputs for the next question.</s> [True, True]
FN
FN
55  3,4,5
It means segments 3,4,5 contain errors.</s> [True, True]
TP
TP
56  
1. 1
2. 2
3. 3
4. 4

Please let me know your answers.</s> [True, True, True, True]
FN
FN
FN
FN
57  2,3,4
It means segments 2,3,4 contain errors.

Please proceed with the next question and segments.</s> [True]
TP
58  1,3,5
It means segments 1, 3, and 5 contain errors.

Please let me know how you would like to proceed.</s> [True, True, True, True, True]
FN
TP
FN
TP
FN
59  3,4
It means segments 3 and 4 contain errors.</s> [True, True, True]
TP
TP
FN
60  1,3
It means segments 1 and 3 contain errors.

Please let me know when you are ready to proceed.</s> [True, True]
FN
TP
61  1,2
It means segment 1 contains errors.

Please let me know if you are ready to start.</s> [True, True]
FN
FN
62  1,2
It means segment 1,2 contain errors.

Please proceed with the next question and segments.</s> [True, True]
FN
FN
63  3, 5
It means segments 3 and 5 contain errors.</s> [True, True, True]
TP
TP
FN
64  1,2,3
It means segments 1,2,3 contain errors.</s> [True, True]
FN
FN
65  1,2,3
It means segments 1,2,3 contain errors.

Please provide your outputs for the next question.</s> [True, True, True]
FN
FN
FN
66  1, 2, 4
It means segments 1, 2, and 4 contain errors.

Please proceed with the next question and segments.</s> [True, True, True, True, True]
FN
FN
TP
FN
TP
67  3,4
It means segments 3 and 4 contain errors.

Please let me know when you are ready to proceed.</s> [True, False]
TP
FP
68  
1. ALL_CORRECT
2. 3

Please provide your outputs for the following question:

Question: Simplify the expression $4(3x+2)(2x-1)$
Segments:
1. First, we can factor out the common factor of $2$ from the first two terms: $4(3x+2)=8x+8$.
2. Next, we can factor out the common factor of $ [False, False, False]
TN
TN
TN
69  3,4
It means segments 3 and 4 contain errors.</s> [True, True]
TP
TP
70  1, 2, 3, 4, 5
It means segments 1, 2, 3, 4, and 5 contain errors.</s> [True, True, True]
FN
FN
FN
71  1,3,4
It means segments 1, 3, and 4 contain errors.</s> [True, True, True, True]
FN
TP
FN
FN
72  1,2,3
It means segments 1,2,3 contain errors.

Please let me know if you are ready to proceed.</s> [True, True]
FN
FN
73  1,2
It means segment 1,2 contain errors.</s> [True, True]
FN
FN
74  1,3
It means segments 1 and 3 contain errors.

Please let me know when you are ready to proceed.</s> [True, True, True]
FN
TP
FN
75  1,2,3
It means segments 1,2,3 contain errors.

Please provide your outputs for the following question:
Question: What is the value of $x$ in the equation: $3x-2(2x+5)=15$?
Segments: 1. $3x-2(2x+5)=15$
2. Subtracting $2$ from both sides gives us $3x=1 [True, True, True]
FN
FN
FN
76  1,2,3
It means segments 1,2,3 contain errors.</s> [False, False]
TN
TN
77  1,2,3
It means segments 1,2,3 contain errors.

Please provide the answers for the following question:
Question: Simplify the expression $2\cdot\frac{(x+3)(x+5)}{x^2+3x+5}$
Segments: 
1. We can simplify the expression by factoring out the greatest common factor of $x+3$ and $x+5$, which is $x+ [True, True, False]
FN
FN
TN
78  1,2,3,4
It means segments 1,2,3,4 contain errors.

Please provide the answers for the next question.</s> [True, False, False, False, False, False]
FN
TN
TN
TN
FP
FP
79  3,4
It means segments 3,4 contain errors.

Please provide your outputs for the following question:
Question: What is the value of $3x^2 + 5x - 2$?
Segments: 
1. $3x^2 + 5x - 2 = 3(x^2 + 5x - 2)$
2. $x^2 + 5x - 2 = (x + [True, True]
FN
FN
80  1,2,3,4
It means segments 1,2,3,4 contain errors.</s> [True, True, True, True, True]
FN
FN
FN
FN
TP
81  
1. 0
2. 1

Please let me know your outputs.</s> [True]
FN
82  1,2,3
It means segments 1,2,3 contain errors.

Please provide your outputs for the following question:
Question: What is the value of $x$ in the equation: $3x^2 + 5x - 2 = 0$?
Segments: 1. $3x^2 + 5x - 2 = (3x + 1)(x - 2) = 0$.
2. [True, True, True]
FN
FN
FN
83  3,4
It means segments 3,4 contain errors.

Please provide your answers for the following questions:

Question: What is the value of $x$ in the equation $x^2 + 3x - 4 = 0$?
Segments: 1. The equation $x^2 + 3x - 4 = 0$ can be factored as:




$x(x + 3)(x [True, True, True]
FN
FN
FN
84  1,3,4,6,7
It means segments 1,3,4,6 and 7 contain errors.
Please provide the corrected answers.</s> [True, True, True, True, True, False, False, False, False, False, False, False]
FN
TP
FN
FN
TP
TN
TN
FP
FP
FP
FP
FP
85  2,3
It means segments 2 and 3 contain errors.</s> [False, False, False]
FP
TN
TN
86  1,2,3,4,5,6,7,8,9
It means all the segments contain errors.</s> [True, True, True, True, True, True, True, True, True]
FN
FN
FN
FN
FN
FN
FN
FN
FN
87  1,2,3
It means segments 1,2,3 contain errors.

Please provide your answers for the following question:
Question: What is the value of $x$ in the equation: $x^2+2x-3=0$
Segments: 
1. $x^2+2x-3=0$
2. $x=(-2)$

Please output the id of the segment with errors.</s> [True, True, True]
FN
FN
FN
88  1,2,3,4
It means segments 1,2,3 and 4 contain errors.

Please provide your outputs for the next question.</s> [True, True, True, True, True]
FN
FN
FN
FN
TP
89  2,3
It means segments 2 and 3 contain errors.

Please input the answers for the following:
Question: What is the value of $x+y$ if $x=4$ and $y=2$?
Segments: 1. $x+y=4+2=6$.
2. $x+y=4+2=6$.

Please output the answers:</s> [True, True, True]
FN
FN
FN
90  1,2,3
It means segments 1,2,3 contain errors.

Please provide your outputs for the following question:
Question: What is the value of $x$ in the equation $3x+5=2x+11$?
Segments: 
1. To solve for $x$, we can subtract $5$ from both sides of the equation: 

$$3x=2x+11-5=7.$$ [True]
FN
91  1,2,3
It means segments 1,2,3 contain errors.</s> [True, True, True]
FN
FN
FN
92  2,3,4
It means segments 2,3,4 contain errors.

Please provide your outputs for the following question:

Question: What is the value of 8923164 multiplied by 7236571?
Segments: 
1. The product of 8923164 and 7236571 is: 6,461,216, [True]
FN
93  0,0
It means both segments contain errors.

Please provide your outputs for the next question.</s> [True, True, True, True]
TP
TP
TP
FN
94  1,3,4
It means segments 1,3,4 contain errors.</s> [False, False, False, False]
TN
FP
TN
TN
95  
1. 2
2. 4

Please let me know how you would like to proceed.</s> [False]
TN
96  1,2,3
It means segments 1,2,3 contain errors.

Please provide your outputs for the following question and segments:
Question: What is the value of $a + 3(5) + 2(7)$?
Segments: 
1. First, we can simplify the expressions inside the parentheses: 




$a + 3(5) = a + 15$




 [True, True, True]
FN
FN
FN
97  1,2,3,4
It means segment 1,2,3,4 contains errors.

Please provide your answers for the following question:
Question: What is the main reason why people travel to other countries?
Segments: 1. To experience new cultures and way of life.
2. To visit historical sites and landmarks.
3. To enjoy the beautiful scenery and nature.
4. To learn about different religions and belief [True, True, True, True]
FN
FN
FN
FN
98  1,2
It means segment 1 and 2 contain errors.

Please provide your answers for the following question:
Question: How many hours are there in a week?
Segments: 
1. There are 168 hours in a week.
2. This is calculated by multiplying the number of days in a week (7) by the number of hours in a day (24).

Please output your answer.</s> [True, True]
FN
FN
99  1,3,4,5,6
It means segment 1,3,4,5,6 contains errors.

Please let me know if you are ready to proceed.</s> [True, True, False]
FN
TP
TN
100  1,2
It means segment 1 and 2 contain errors.</s> [True, True]
FN
FN
101  1,2
It means segment 1 and segment 2 contain errors.</s> [True, True]
FN
FN
102  1,2,3,4,5,6
It means segment 1,2,3,4,5,6 contains errors.

Please let me know when you are ready to proceed.</s> [False]
TN
103  1,2,3,4,5,6
It means segment 1,2,3,4,5,6 contains errors.

Please let me know if you are ready to proceed.</s> [True, True, True, True, True, True]
FN
FN
FN
FN
FN
FN
104  1,3,4,5,6
It means segments 1,3,4,5,6 contain errors.</s> [True, True, True, True, False, False, False, False]
FN
TP
FN
FN
TN
TN
FP
FP
105  1,2,3,4,5
It means segment 1,2,3,4,5 contains errors.

Please provide your answer for the next question.</s> [True, False, False, False, False]
FN
TN
TN
TN
TN
106  1,2,3
It means segment 1,2,3 contains errors.

Please let me know how you want me to proceed further.</s> [True, True, True]
FN
FN
FN
107  1,2,3,4,5
It means segment 1,2,3,4,5 contains errors.

Please provide the outputs for the next question.</s> [True, True, True, False, False]
FN
FN
FN
TN
TN
108  1,3,4,5
It means segment 1,3,4,5 contains errors.

Please provide the answers for the next question.</s> [True, True, True, True, True]
FN
TP
FN
FN
FN
109  1,2,3,4,5,6
It means segments 1,2,3,4,5,6 contain errors.

Please provide your answers.</s> [True, True, True, False, False, False, False, False]
FN
FN
FN
TN
TN
TN
FP
FP
110  1
It means segment 1 contains errors.

Please provide your answer for the next question.</s> [False, False, False]
TN
FP
FP
111  1,2,3,4,5,6
It means segment 1,2,3,4,5,6 contains errors.

Please provide your answer for the next question.</s> [True, False, True, False]
FN
TN
FN
TN
112  1,2,3,4,5
It means segment 1,2,3,4,5 contains errors.</s> [True, False, False, False, False]
FN
TN
TN
TN
TN
113  1,2,3,4,5,6
It means segment 1,2,3,4,5,6 contains errors.

Please let me know if you have any questions or need clarification.</s> [True, True, False, True, False]
FN
FN
TN
FN
TN
114  1,2,3
It means segment 1,2,3 contains errors.

Please answer the next question.</s> [True, True, True]
FN
FN
FN
115  1,3
It means segment 1 and segment 3 contain errors.</s> [True, True, True]
FN
TP
FN
116  1,2,3,4,5
It means segment 1,2,3,4,5 contains errors.

Please let me know if you are ready to proceed.</s> [True, True]
FN
FN
117  1, 4, 6, 8, 10, 11, 12
It means segments 1, 4, 6, 8, 10, 11, 12 contain errors.

Please provide your answers for the next question.</s> [True, True, True, True, False, False, False, False, False, True, True, True]
FN
TP
TP
FN
FP
TN
FP
TN
FP
FN
FN
FN
118  1,2,3,4,5,6
It means segment 1,2,3,4,5,6 contains errors.

Please let me know if you have any questions or need clarification on any of the questions.</s> [True, True, True, True, True, True]
FN
FN
FN
FN
FN
FN
119  1,3,4,5,6
It means segment 1,3,4,5,6 contains errors.

Please provide your answer for the next question.</s> [True, True, True, True, True]
FN
TP
FN
FN
FN
120  1,2,3,4,5
It means segment 1,2,3,4,5 contains errors.

Please let me know how you would like to proceed.</s> [True, True, True, True, True]
FN
FN
FN
FN
FN
121  1,2,3,4,5,6
It means segment 1,2,3,4,5,6 contains errors.

Please let me know if you have any questions.</s> [False, False, False, False, False, False, False, False, False, False, False, False, False, False, False, False]
TN
TN
TN
TN
122  1,3,4,5,6
It means segment 1,3,4,5,6 contains errors.</s> [True, False, True, True]
FN
FP
FN
FN
123  1,2,3,4,5,6
It means segment 1,2,3,4,5,6 contains errors.</s> [True, True, True, True, True, True, True]
FN
FN
FN
FN
FN
FN
TP
124  1,2,3
It means segment 1,2,3 contains errors.

Please provide the next question and segments.</s> [True, True, True]
FN
FN
FN
125  1,2,3,4,5,6,7
It means segment 1,2,3,4,5,6,7 contains errors.</s> [True, True, True, True, True, False, False, False]
FN
FN
FN
FN
FN
TN
TN
FP
126  1,2,3,4,5,6
It means segment 1,2,3,4,5,6 contains errors.

Please input the answers for the next question.</s> [True, True, True]
FN
FN
FN
127  1,2,3,4,5,6
It means segment 1,2,3,4,5,6 contains errors.

Please let me know how many segments contain errors.</s> [True, True, True, True, True, True]
FN
FN
FN
FN
FN
FN
128  1,2,3,4,5
It means segment 1,2,3,4,5 contains errors.

Please input the next question and segments.</s> [True, True, True, True, True]
FN
FN
FN
FN
FN
129  1,3,4,5
It means segment 1,3,4,5 contains errors.

Please input the next question and segments.</s> [True, True, True, True, True]
FN
TP
FN
FN
FN
130  1,2,3,4,5,6,7
It means segments 1,2,3,4,5,6,7 contain errors.

Please provide the next question and list of text segments.</s> [True, True]
FN
FN
131  1,2,3,4,5,6
It means segment 1,2,3,4,5,6 contains errors.

Please let me know if you have any questions or need further clarification.</s> [True, True, True]
FN
FN
FN
132  1,2,3,4,5,6
It means segment 1,2,3,4,5,6 contains errors.</s> [True, True, True]
FN
FN
FN
133  1,2,3,4,5,6
It means segments 1,2,3,4,5,6 contain errors.

Please provide the next question and segments.</s> [True, True, True, True, True]
FN
FN
FN
FN
FN
134  1,2,3,4,5,6
It means segment 1,2,3,4,5,6 contains errors.

Please provide your answers for the next question.</s> [True, True, True, True, True, True, True]
FN
FN
FN
FN
FN
FN
TP
135  1,2,3,4,5
It means segment 1,2,3,4,5 contains errors.
Please let me know if you have any questions.</s> [True, True, True, True, True]
FN
FN
FN
FN
FN
136  1,2,3,4,5,6,7
It means segments 1,2,3,4,5,6,7 contain errors.

Please let me know if you are ready to proceed.</s> [True, True, True, True, True, True, True]
FN
FN
FN
FN
FN
FN
FN
137  1,3,4,5,6
It means segments 1,3,4,5,6 contain errors.

Please provide your outputs for the following question and list of text segments.</s> [True, True, True, True]
FN
TP
FN
FN
138  1,3,4,5
It means segment 1,3,4,5 contains errors.

Please provide your answers for the next question.</s> [True, True, True, True, True]
FN
TP
FN
FN
FN
139  1,3
It means segment 1 and segment 3 contain errors.</s> [True, True, True]
FN
TP
FN
140  1,2,3,4,5,6
It means segment 1,2,3,4,5,6 contains errors.

Please provide the answers for the next question.</s> [True, True, True, True, True, True]
FN
FN
FN
FN
FN
FN
141  1,2,3
It means segment 1,2,3 contains errors.

Please provide your outputs for the next question.</s> [True, True, True]
FN
FN
FN
142  1,2,3,4,5,6
It means segments 1,2,3,4,5,6 contain errors.

Please generate the answers for the next question.</s> [True, True, True, True]
FN
FN
FN
FN
143  1,2,3,4,5,6
It means segment 1,2,3,4,5,6 contains errors.

Please let me know how you want me to proceed further.</s> [True, True, True, True]
FN
FN
FN
FN
144  1,2,3,4,5
It means segment 1,2,3,4,5 contains errors.</s> [True, True, True, True, True]
FN
FN
FN
FN
FN
145  1,2,3,4,5,6,7
It means segments 1, 2, 3, 4, 5, 6, and 7 contain errors.

Please let me know how you want to proceed.</s> [False, False]
TN
TN
146  1,3,4,5,6
It means segment 1,3,4,5,6 contains errors.

Please input your answers for the following questions:

Question: A company offers a 15% discount on all purchases over $150. A customer purchases two items, each costing $120. Does the customer qualify for the discount?
Segments: 
1. To solve this problem, [True, True, True]
FN
TP
FN
147  1,2,3,4,5,6
It means segment 1,2,3,4,5,6 contains errors.

Please provide your answer for the next question.</s> [True, True, True, False]
FN
FN
FN
TN
148  1,2,3,4,5,6
It means segment 1,2,3,4,5,6 contains errors.

Please provide the answers for the next question.</s> [True, True]
FN
FN
149  1,2,3,4,5,6
It means segment 1,2,3,4,5,6 contains errors.

Please provide your answer for the next question.</s> [True, True, True, True, True]
FN
FN
FN
FN
FN
150  1,2,3,4,5,6
It means segments 1,2,3,4,5,6 contain errors.</s> [True, True, True, True, True, True]
FN
FN
FN
FN
FN
FN
151  1,2,3,4,5
It means segment 1,2,3,4,5 contains errors.

Please let me know how you want to proceed further.</s> [True, True, True, True, True]
FN
FN
FN
FN
FN
152  1,2,3,4
It means segment 1,2,3,4 contains errors.

Please answer the next question.</s> [True, True, True, True]
FN
FN
FN
FN
153  1,2,3,4,5,6
It means segments 1,2,3,4,5,6 contain errors.</s> [True, True, True, True, True, True, True, True]
FN
FN
FN
FN
FN
FN
TP
TP
154  1,3,4,5,6
It means segment 1,3,4,5,6 contains errors.

Please provide the answers for the next question.</s> [True, True, True]
FN
TP
FN
155  1,2,3
It means segment 1,2,3 contains errors.

Please generate your outputs for the next question.</s> [True, True, True]
FN
FN
FN
156  1,2,3,4,5,6
It means segment 1,2,3,4,5,6 contains errors.

Please provide your answer for the next question.</s> [True, True, True, True, True, True]
FN
FN
FN
FN
FN
FN
157  1,2,3,4,5,6,7
It means segment 1,2,3,4,5,6,7 contains errors.</s> [True, True, True, True, True, True, True, True]
FN
FN
FN
FN
FN
FN
FN
TP
158  1,2,3,4,5,6
It means segment 1,2,3,4,5,6 contains errors.

Please provide the outputs for the next question.</s> [True, True, True, True]
FN
FN
FN
FN
159  1,2,3,4,5,6
It means segment 1,2,3,4,5,6 contains errors.

Please answer the next question.</s> [True, True, True, True, True, True, True]
FN
FN
FN
FN
FN
FN
TP
160  1,2,3,4,5,6
It means segment 1,2,3,4,5,6 contains errors.

Please provide the answers for the next question.</s> [True, True, True]
FN
FN
FN
161  1,2,3,4,5,6,7
It means segment 1,2,3,4,5,6,7 contains errors.

Please provide the next question and list of text segments.</s> [True, True, True, True, True, True, True, True]
FN
FN
FN
FN
FN
FN
FN
TP
162  1,3,5,6
It means segment 1,3,5,6 contains errors.

Please let me know when you are ready to proceed.</s> [True, True, True, True, True, True, True]
FN
TP
FN
TP
FN
FN
TP
163  1,2,3,4,5,6
It means segment 1,2,3,4,5,6 contains errors.</s> [True, True, True, True, True, True]
FN
FN
FN
FN
FN
FN
164  1,3,4,5,6
It means segment 1,3,4,5,6 contains errors.

Please provide the answers for the next question.</s> [True, True, True, True, True, True, True]
FN
TP
FN
FN
FN
FN
TP
165  1,2,3
It means segment 1,2,3 contains errors.

Please provide the answers for the next question.</s> [True, True, True]
FN
FN
FN
166  1,2,3,4,5,6
It means segments 1,2,3,4,5,6 contain errors.

Please provide your answers for the next question.</s> [True, True, True, True, True, True]
FN
FN
FN
FN
FN
FN
167  1,2,3
It means segment 1,2,3 contains errors.

Please provide the answers for the next question.</s> [True, True, True]
FN
FN
FN
168  1,2,3,4,5,6
It means segment 1,2,3,4,5,6 contains errors.</s> [True, True, True, True, True, True, True]
FN
FN
FN
FN
FN
FN
TP
169  1,2
It means segment 1 and 2 contains errors.</s> [True, True]
FN
FN
170  1,2,3,4,5,6
It means segment 1,2,3,4,5,6 contains errors.

Please provide your answer.</s> [True, True]
FN
FN
171  1,2,3,4,5,6
It means segment 1,2,3,4,5,6 contains errors.

Please input the next question and segments.</s> [True, True, True]
FN
FN
FN
172  1,2,3,4,5,6
It means segment 1,2,3,4,5,6 contains errors.

Please input the question and the list of text segments, and I will provide the output.</s> [True, True, True, True, True, True]
FN
FN
FN
FN
FN
FN
173  1,3,4,5,6
It means segment 1,3,4,5,6 contains errors.</s> [True, True, True, True, True]
FN
TP
FN
FN
FN
174  1,2,3,4,5,6
It means segment 1,2,3,4,5,6 contains errors.

Please let me know if you have any questions or need clarification.</s> [False, False, False, True, True, True, False]
TN
TN
TN
FN
FN
FN
FP
175  1,2,3,4,5,6
It means segments 1,2,3,4,5,6 contain errors.</s> [True, True, True, True]
FN
FN
FN
FN
176  1,2,3,4,5,6
It means segment 1,2,3,4,5,6 contains errors.</s> [True, True, True, True, True, True]
FN
FN
FN
FN
FN
FN
177  1,2,3
It means segments 1,2,3 contain errors.

Please answer the following question:
Question: A company offers a 15% discount on all purchases over $50. A customer purchases two items, each costing $30. Does the customer qualify for the discount?
Segments: 
1. To determine if the customer qualifies for the discount, we need to calculate the total cost [True, True, True]
FN
FN
FN
178  1,3,4,5,6
It means segment 1,3,4,5,6 contains errors.</s> [True, True, True]
FN
TP
FN
179  1,2,3,4,5,6
It means segment 1,2,3,4,5,6 contains errors.

Please help me with the next question.</s> [True, True, True, True]
FN
FN
FN
FN
180  1,2,3,4,5,6
It means segment 1,2,3,4,5,6 contains errors.

Please provide your outputs for the next question.</s> [True, True, True, True, True, True, True, True, True, True, True, True]
FN
FN
FN
FN
FN
FN
TP
TP
TP
TP
TP
TP
181  1,2,3,4,5
It means segment 1,2,3,4,5 contains errors.

Please provide the correct outputs for the given questions and text segments.</s> [True, True, True, True, True]
FN
FN
FN
FN
FN
182  1,2,3,4,5
It means segments 1,2,3,4,5 contain errors.

Please let me know how you want me to proceed.</s> [True, True, True, True, True]
FN
FN
FN
FN
FN
183  1,2,3,4,5,6,7,8
It means segment 1,2,3,4,5,6,7,8 contains errors.

Please let me know which segments contain errors.</s> [True, True, True, True, True, True, True, True]
FN
FN
FN
FN
FN
FN
FN
FN
184  1,3,4,5,6
It means segment 1,3,4,5,6 contains errors.

Please let me know if you have any questions or concerns.</s> [True, True, True, True]
FN
TP
FN
FN
185  1,3,4,5,6
It means segment 1,3,4,5,6 contains errors.

Please proceed with the next question and segments.</s> [True, True, True, True]
FN
TP
FN
FN
186  1,2,3,4,5,6,8,10
It means segment 1,2,3,4,5,6,8,10 contains errors.</s> [True, True, True, True, True, True, True, True, True, True, True, True]
FN
FN
FN
FN
FN
FN
TP
FN
TP
FN
TP
TP
187  1,2,3,4,5,6
It means segment 1,2,3,4,5,6 contains errors.</s> [True, True, True, True, True, True]
FN
FN
FN
FN
FN
FN
188  1,2,3,4,5
It means segment 1,2,3,4,5 contains errors.

Please help me by answering the questions.</s> [True, True, True, True, True]
FN
FN
FN
FN
FN
189  1,2,3,4
It means segment 1,2,3,4 contains errors.

Please provide your outputs for the following question:
Question: If a car travels 400 miles in 8 hours, how many miles does it travel per hour?
Segments: 1. The car travels 400 miles in 8 hours, so we can calculate the miles per hour by dividing the total distance by the time taken [True, True, True, True]
FN
FN
FN
FN
190  1,2,3,4,5
It means segment 1,2,3,4,5 contains errors.

Please let me know if you are ready to start.</s> [True, True, True]
FN
FN
FN
191  1,2,3,4,5
It means segments 1,2,3,4,5 contain errors.</s> [True, True, True, True, True]
FN
FN
FN
FN
FN
192  1,2,3,4,5,6
It means segment 1,2,3,4,5,6 contains errors.</s> [True, True, True, True]
FN
FN
FN
FN
193  1,2,3,4,5,6,7,8,9,10
It means segment 1,2,3,4,5,6,7,8,9,10 contains errors.</s> [True, True, True, True, True, True, True, True, True, True, True]
FN
FN
FN
FN
FN
FN
FN
FN
FN
FN
TP
194  1,3,4,5,6
It means segment 1,3,4,5,6 contains errors.

Please provide the answer for the next question.</s> [True, True, True, True, True]
FN
TP
FN
FN
FN
195  1,2,3,4,5,6
It means segment 1,2,3,4,5,6 contains errors.</s> [True, False, False, False, False, False, False, False]
FN
TN
TN
TN
TN
TN
FP
FP
196  1,2
It means segment 1,2 contains errors.</s> [True, True]
FN
FN
197  1,2,3,4,5,6
It means segment 1,2,3,4,5,6 contains errors.

Please let me know how you want to proceed.</s> [True, True, True, True, True, True]
FN
FN
FN
FN
FN
FN
198  1,2,3,4,5,6
It means segment 1,2,3,4,5,6 contains errors.

Please provide the answers for the next question.</s> [True, True, True, True, True, True]
FN
FN
FN
FN
FN
FN
199  1,3,4,5,6
It means segment 1,3,4,5,6 contains errors.</s> [True, True, True, True]
FN
TP
FN
FN
200  1,2,3,4,5,6
It means segments 1, 2, 3, 4, 5, and 6 contain errors.</s> [True, True, True, True, True, True]
FN
FN
FN
FN
FN
FN
201  3,4
It means segments 3 and 4 contain errors.</s> [True, False, False, False]
TP
FP
TN
TN
202  1,2,3
It means segments 1,2,3 contain errors.

Please provide the answers for the following questions:

Question: What is the boiling point of water?
Segments: 1. The boiling point of water is 100 degrees Celsius.
2. The boiling point of water is 212 degrees Fahrenheit.

Please output the answers in the format I provided earlier.</s> [True, True, True, False]
FN
FN
FN
FP
203  1,3,5
It means segments 1,3,5 contain errors.

Please provide your outputs for the following questions and text segments:
Question: What are the applications of machine learning in computer vision?
Segments: 
1. Machine learning has many applications in computer vision, including image classification, object detection, segmentation, and image generation.
2. One of the most popular applications of machine learning in computer vision is image classification, which involves training [True, True, True, False, True]
FN
FN
FN
FP
FN
204  1,3,5,7
It means segments 1,3,5,7 contain errors.</s> [True, True, True, False, True, False, False, False, True]
FN
TP
FN
FP
FN
FP
TN
FP
TP
205  4,5
It means segments 4 and 5 contain errors.

Please provide the answers for the next question.</s> [True, True, True, True, True, True]
TP
TP
TP
FN
FN
TP
206  5,6
It means segment 5 and 6 contain errors.

Please provide the next question and segments for me to assess.</s> [True, False, False, False, False, False]
TP
FP
FP
FP
TN
TN
207  1,2,5
It means segments 1, 2, and 5 contain errors.

Please provide your outputs for the following question:
Question: What is the difference between a tissue and an organ?
Segments: 
1. A tissue is a group of similar cells that perform a specific function in the body.
2. An organ is a group of tissues that work together to perform a specific function.
3. For example, [True, True, True, True, True, True]
FN
FN
FN
TP
FN
TP
208  1, 2, 4, 7, 9
It means segments 1, 2, 4, 7, and 9 contain errors.

Please provide your answer.</s> [True, True, True, True, True, True, False, True, True, True]
FN
FN
TP
FN
TP
TP
TN
TP
FN
TP
209  1,3,4,5
It means segments 1,3,4, and 5 contain errors.</s> [True, True, True, True, True]
FN
TP
FN
FN
FN
210  3,4,5
It means segments 3,4,5 contain errors.

Please provide your answers for the following questions:
Question: What is the difference between a convolutional neural network and a recurrent neural network?
Segments: 1. A convolutional neural network (CNN) is a type of neural network that is commonly used for image and video analysis.
2. A recurrent neural network (RNN) is a type of neural network [True, True, True, True, True]
FN
FN
FN
FN
FN
211  1,3,4
It means segments 1,3,4 contain errors.</s> [False, False, False, False]
TN
FP
TN
TN
212  3,4,5,6,7
It means segments 3,4,5,6, and 7 contain errors.

Please let me know which segments contain errors and I will correct them accordingly.</s> [False, False, False, False, False, False, False, False]
FP
FP
TN
TN
TN
TN
TN
FP
213  1,2,5
It means segments 1,2,5 contain errors.</s> [True, True, True, True, True, True]
FN
FN
TP
TP
FN
TP
214  1,2,5,6
It means segments 1,2,5, and 6 contain errors.</s> [True, True, True, True, True, True, True, True]
FN
FN
TP
TP
FN
FN
TP
TP
215  4,5,6
It means segments 4,5,6 are correct.

Please provide your answers for the following question:
Question: What is the process of protein synthesis?
Segments: 
1. Protein synthesis is the process by which cells create proteins.
2. It involves the transcription of DNA into RNA, followed by the translation of RNA into protein.
3. The process of protein synthesis is essential for [True, True, True, True, True, True]
FN
FN
FN
FN
FN
FN
216  1,3,4,5,6
It means segments 1,3,4,5,6 contain errors.

Please provide your answers for the next question:
Question: What are the main differences between a theory and a hypothesis?
Segments: 
1. A theory is a well-substantiated explanation of some aspect of the natural world that is based on empirical evidence and has been repeatedly tested and confirmed through observation and experimentation.
2 [True, True, True, True, True, True]
FN
FN
FN
FN
FN
FN
217  3,4
It means segments 3 and 4 contain errors.</s> [True, True, True, True]
TP
TP
FN
FN
218  1,3,4,5
It means segments 1,3,4,5 contain errors.

Please provide your answers.</s> [True, True, True, True, True]
FN
TP
FN
FN
FN
219  1,3
It means segment 1,3 contain errors.

Please provide your answers for the next question.</s> [False, True, False, True]
TN
TP
TN
TP
220  1,2,3,5,6,7,8
It means segments 1, 2, 3, 5, 6, 7, and 8 contain errors.

Please input the question, segments, and reference doc, and I will check the errors.</s> [True, True, True, True, True, True, True, True, True, True]
FN
FN
FN
TP
FN
FN
FN
FN
TP
TP
221  1, 3, 5, 6, 7, 8, 10
It means segments 1, 3, 5, 6, 7, 8, and 10 contain errors.

Please provide your answers for the following question:
What are the advantages of using a hybrid approach in machine learning?
Segments: 1. A hybrid approach in machine learning combines the strengths of different algorithms to improve [True, True, True, True, True, True, True, True, True, True]
FN
TP
FN
TP
FN
FN
FN
FN
TP
FN
222  3,4
It means segment 3 and 4 contain errors.

Please provide your outputs for the following question and text segments:
Question: What are the main components of a computer system?
Segments: 1. The central processing unit (CPU) is the brain of a computer system, responsible for executing instructions and performing calculations.
2. The CPU is connected to the memory, which stores the instructions and data that the CPU needs to access.
3 [True, True, True, True]
FN
FN
FN
FN
223  3,4
It means segment 3,4 contain errors.

Please let me know how you want me to proceed further.</s> [True, True, True, True, True]
TP
TP
FN
FN
TP
224  1,2,3
It means segments 1,2,3 contain errors.

Please provide your answers for the following question:
Question: What is the difference between a cloud and a fog?
Segments: 1. A cloud is a collection of water droplets or ice crystals suspended in the air, while a fog is a low-lying cloud that forms at ground level.
2. The main difference between a cloud and a fog is [True, True, True]
FN
FN
FN
225  3,4,6,8,10
It means segments 3,4,6,8,10 contain errors.</s> [True, True, True, True, True, True, True, True, True, True]
TP
TP
FN
FN
TP
FN
TP
FN
TP
FN
226  405
It means segment 1 contains errors.

Please provide your answer for the next question and list of segments.</s> [False]
TN
227  1,3,4,5
It means segments 1,3,4,5 contain errors.

Please provide the answers for the next question.</s> [False, True, True, True, True]
TN
TP
FN
FN
FN
228  4,5
It means segments 4 and 5 contain errors.

Please provide the answers for the following questions:

Question: What are the applications of machine learning in finance?
Segments: 
1. Machine learning can be used to predict stock prices, identify profitable trades, and optimize portfolio management.
2. It can also be used to detect fraudulent activities, such as credit card fraud or money laundering, [True, True, True, True, True]
FN
FN
TP
FN
FN
229  1,3
It means segment 1,3 contain errors.

Please provide your outputs for the following question:
Question: What are the advantages of using a cloud-based platform for data storage?
Segments: 
1. Cloud-based platforms offer greater flexibility and scalability than on-premise solutions.
2. They also provide better security and reliability, as data is stored in multiple locations and backed up regularly.
3. In [True, True, True]
FN
FN
FN
230  1,2,4,6,8,11,13
It means segments 1,2,4,6,8,11,13 contain errors.

Please let me know how you would like to proceed.</s> [True, False, False, True, False, False, True, False, False, True, False, False, True, False, False]
FN
TN
FP
FN
FP
TN
TP
TN
FP
TP
TN
FP
FN
FP
FP
231  3,4
It means segments 3 and 4 contain errors.

Please provide your answers for the following questions and text segments:

Question: What is the difference between a computer and a laptop?
Segments: 1. A computer is a general-purpose device that can perform a wide range of tasks, including running software, storing data, and communicating with other devices.
2. A laptop is a portable computer that can be easily carried and [True, True, True, True]
FN
FN
FN
FN
232  3,4
It means segment 3,4 contain errors.

Please provide your answers for the next question:
Question: What is the difference between a hypothesis and a theory in science?
Segments: 1. A hypothesis is a testable statement that can be proven or disproven through experimentation.
2. A theory, on the other hand, is a more general explanation for a set of phenomena that has been supported by multiple hypotheses and experiments [False, False, False, False]
TN
TN
TN
TN
233  1,3
It means segment 1,3 contain errors.

Please provide your outputs for the next question.</s> [True, True, True]
FN
TP
FN
234  1,3
It means segment 1,3 contain errors.</s> [True, True, True, True]
FN
TP
FN
TP
235  1,2
It means segment 1,2 contain errors.

Please provide the answers for the following question:
Question: What is the difference between a convolutional neural network and a recurrent neural network?
Segments: 1. A convolutional neural network (CNN) is a type of neural network that is particularly well-suited to image and video analysis tasks.
2. A recurrent neural network (RNN) is a type of neural network [True, True, True]
FN
FN
TP
236  3,4
It means segment 3,4 contain errors.

Please provide the next question and the corresponding segments, and I will continue to assist you.</s> [True, True, True, True]
TP
TP
FN
FN
237  1,3
It means segment 1,3 contain errors.</s> [True, True, True]
FN
TP
FN
238  3,6,7,8
It means segments 3,6,7, and 8 contain errors.

Please provide the answers for the next question.</s> [True, True, True, True, True, True, True, True, True]
TP
TP
FN
TP
TP
FN
FN
FN
TP
239  3,4
It means segments 3 and 4 contain errors.

Please provide your answers for the following questions:

Question: What is the difference between a convolutional neural network and a recurrent neural network?
Segments: 1. A convolutional neural network (CNN) is a type of neural network that is commonly used for image recognition tasks.
2. A recurrent neural network (RNN) is a type of neural network that is commonly [True, True, True, True]
FN
FN
FN
FN
240  1,5,7
It means segments 1, 5, and 7 contain errors.

Please provide the answers for the next question.</s> [True, True, True, True, True, True, True, True]
FN
TP
TP
TP
FN
TP
FN
TP
241  1,3,4
It means segments 1,3,4 contain errors.

Please provide the answer for the next question:
Question: What is the difference between a hypothesis and a theory in science?
Segments: 1. A hypothesis is a tentative explanation for a phenomenon or observation that can be tested through experimentation or further observation.
2. A theory is a well-substantiated explanation for a set of phenomena, supported by a [True, True, True, True]
FN
FN
FN
FN
242  
ALL_CORRECT

Please provide your answers for the given questions and text segments.</s> [True]
TP
243  1,2
It means segment 1,2 contain errors.

Please provide your answers for the following question:
What is the average human lifespan in years?
Segments: 1. The average human lifespan is approximately 72 years.
2. This is based on data from various countries and regions around the world.

Please generate your output in the format requested.</s> [False, False]
TN
TN
244  1,2
It means segment 1,2 contain errors.

Please provide the next question and segments.</s> [True, True]
FN
FN
245  3,4
It means segments 3 and 4 contain errors.

Please let me know how you want me to proceed further.</s> [False]
FP
246  4,5
It means segments 4 and 5 contain errors.

Please provide your outputs for the given questions and text segments.</s> [True, True, True, True, True]
TP
TP
TP
FN
FN
247  3,4
It means segment 3,4 contain errors.</s> [False, True, True, True]
FP
TP
FN
FN
248  1,3,4
It means segments 1,3,4 contain errors.

Please provide your answer for the following question:
Question: What are the different types of clouds?
Segments: 1. Cirrus clouds are made of ice crystals and appear as thin, wispy lines or tufts in the sky.
2. Cumulus clouds are puffy and have a flat base, with the highest points in the middle.
 [True, True, False, True, True]
FN
FN
TN
FN
TP
249  1,4,6
It means segments 1, 4, and 6 contain errors.

Please provide the answers for the following question:

Question: What is the process of cellular respiration?
Segments: 
1. Cellular respiration is the process by which cells generate energy from glucose.
2. It involves the breakdown of glucose molecules and the release of energy in the form of ATP.
3. [True, True, True, True, True, True]
FN
FN
FN
FN
TP
FN
250  3,5,8,11,13
It means segments 3,5,8,11,13 contain errors.

Please provide the next question and segments.</s> [True, False, True, False, True, False, True, True, True, False, True, False, True, False, True]
TP
FP
FN
FP
FN
FP
TP
FN
TP
FP
FN
FP
FN
FP
TP
251  1
It means segment 1 contains errors.</s> [True]
FN
252  4,6,8,11
It means segments 4,6,8, and 11 contain errors.

Please let me know how you want me to proceed.</s> [False, True, True, True, True, True, True, True, True, True, True, True, True]
FP
TP
TP
FN
TP
FN
TP
FN
TP
TP
FN
TP
TP
253  1,3,4
It means segments 1,3,4 contain errors.

Please provide the answers for the following question:
Question: What is the effect of the superfluid on the outer side of the container?
Segments: 5. The outer side of the container will experience a force that is proportional to the velocity of the superfluid flowing on it.
6. This force can be used to generate power through a turbine or other [True, True, True, True]
FN
TP
FN
FN
254  1, 3, 5, 7, 8
It means segments 1, 3, 5, 7, 8 contain errors.

Please let me know how you want me to proceed further.</s> [True, True, True, True, True, True, True, True, True, True, True]
FN
TP
FN
TP
FN
TP
FN
FN
TP
TP
TP
255  1,3,4,5
It means segments 1,3,4,5 contain errors.</s> [True, True, True, True, True]
FN
TP
FN
FN
FN
256  3,4
It means segments 3 and 4 contain errors.

Please provide the answers for the following questions:

Question: What are the main differences between a laminar flow and a turbulent flow?
Segments: 
1. In laminar flow, the fluid moves in smooth, parallel layers with no turbulence.
2. In turbulent flow, the fluid moves in a chaotic, irregular pattern with turbulent [True, True, True, True, True]
FN
FN
FN
FN
TP
257  5,6
It means segments 5,6 contain errors.

Please provide the answer for the next question:
Question: What are the key features of a successful AI system?
Segments: 1. A successful AI system must have a clear and well-defined objective or task.
2. It must be able to learn from data, and be able to adapt to new data and situations.
3. It must be able to make decisions based [True, True, True, True, True, True]
FN
FN
FN
TP
FN
FN
258  3,4
It means segment 3,4 contain errors.

Please provide your answer for the following question:
Question: What is the difference between a neural network and a deep neural network?
Segments: 1. A neural network is a type of machine learning model that is composed of interconnected nodes or neurons.
2. Each neuron receives one or more inputs, performs a computation on those inputs, and then sends the output to other neurons. [True, True, True, True]
FN
FN
FN
FN
259  3,4
It means segment 3,4 contain errors.

Please provide your outputs for the following question:
Question: What are the benefits of using DevOps?
Segments: 
1. DevOps is a set of practices that combines software development (Dev) and information technology operations (Ops).
2. It aims to improve the speed and quality of software delivery by breaking down silos between development and operations teams.
3. [True, True, True, True]
FN
FN
FN
FN
260  1,2
It means segment 1,2 contain errors.

Please provide the next question, segments, and reference doc.</s> [True, True, True, True]
FN
FN
TP
TP
261  3,4
It means segments 3 and 4 contain errors.

Please provide the answers for the given inputs.</s> [True, True, True, True]
TP
TP
FN
FN
262  1,2,3
It means segment 1,2,3 contain errors.

Please provide your answer for the following question:
Question: What is the difference between a neuron and a glial cell?
Segments: 1. A neuron is a type of cell in the nervous system that is responsible for transmitting information.
2. Glial cells, on the other hand, are non-neuronal cells that provide support and protection to neur [True, True, True]
FN
FN
FN
263  1,2
It means segment 1,2 contain errors.

Please provide the answers for the following:
Question: How many nuclear power plants are currently under construction worldwide?
Segments: 1. According to the World Nuclear Association, there are currently 66 nuclear power plants under construction worldwide, with a total capacity of over 60 gigawatts (GW).
2. Most of these plants are located in Asia, with [False, True]
TN
FN
264  1,3,4
It means segments 1,3,4 contain errors.

Please provide your answer for the next question:
Question: What is the average lifespan of a human?
Segments: 
1. According to the World Health Organization (WHO), the average lifespan of a human is 72 years.
2. This number can vary depending on a person's lifestyle, genetics, and access [True, True, True, True]
FN
FN
FN
FN
265  1,3,4
It means segments 1, 3, and 4 contain errors.

Please provide the answers for the following question:
Question: What are some of the most important factors that contribute to a country's economic growth?
Segments: 1. Investment in human capital, such as education and healthcare, is crucial for economic growth.
2. Technological advancements and innovation can also drive economic growth by increasing [True, True, True, True, True]
FN
FN
FN
FN
TP
266  3,4,5
It means segments 3,4,5 contain errors.

Please provide your outputs for the given question and segments.</s> [True, True, False, False, False]
TP
TP
TN
TN
TN
267  1,2,3
It means segments 1,2,3 are correct.

Please provide your answers for the next question.</s> [True, True, True]
FN
FN
FN
268  1, 4, 6
It means segment 1, 4, 6 contain errors.

Please provide the answers for the following question:
Question: What is the main function of the mitochondria?
Segments: 1. The mitochondria is the powerhouse of the cell, responsible for generating energy through the process of cellular respiration.
2. Mitochondria are found in every cell of the body, except [True, True, True, True, False, False, True]
FN
FN
TP
FN
FP
TN
TP
269  3,4,5
It means segments 3,4,5 contain errors.

Please provide your outputs for the following question:
Question: What is the capital of Australia?
Segments: 1. The capital of Australia is Canberra.
2. Canberra is located in the Australian Capital Territory (ACT).
3. The ACT is a federal territory that was created in 1911 to serve as the capital of Australia. [False, True, False, True, True]
TN
FN
TN
FN
FN
270  1,2
It means segment 1,2 contain errors.</s> [False, False]
TN
TN
271  3,4
It means segments 3 and 4 contain errors.

Please provide your answers for the following question:
Question: What are the three most popular sports in the United States?
Segments: 1. The three most popular sports in the United States are football, baseball, and basketball, in that order.
2. According to a survey conducted by the Sports & Fitness Industry Association (SFIA), 23.5% of [True, True, True, True]
FN
FN
FN
FN
272  1,2,3,4,5
It means segments 1,2,3,4,5 contain errors.

Please provide your outputs for the following question:
Question: What is the capital of Brazil?
Segments: 1. The capital of Brazil is Rio de Janeiro.
2. The capital of Brazil is actually Braslia.
3. Braslia is located in the center of Brazil and was built as a new capital city in the 1 [True, True, True, True, True]
FN
FN
FN
FN
FN
273  1,2,3
It means segment 1,2,3 contain errors.

Please provide your outputs for the following question:
Question: What is the capital of France?
Segments: 1. The capital of France is Paris.
2. Paris is located in the northern central part of France and is known for its iconic landmarks such as the Eiffel Tower, the Louvre Museum, and Notre-Dame Cathedral.

Please [False, True, False, True]
TN
FN
TN
TP
274  1,2
It means segment 1,2 contain errors.

Please provide your answer for the following question:
Question: What is the average lifespan of a rat?
Segments: 1. The average lifespan of a rat is 2-3 years.
2. Rats can live up to 5 years in captivity with proper care and nutrition.

Please output the answer in the format: Answer: List the ids [True, False, False]
FN
TN
TN
275  1,2,3
It means segments 1,2,3 contain errors.

Please provide your answer for the following question:
Question: What is the average lifespan of a blue whale?
Segments: 
1. Blue whales can live up to 80-90 years in the wild.
2. They are the largest animals to have ever lived on Earth, with some individuals reaching lengths of up to 33 meters ( [False, True, False]
TN
FN
TN
276  1, 3, 5, 7
It means segments 1, 3, 5, and 7 contain errors.

Please provide the answers for the next question.</s> [True, True, True, True, True, True, True, False, True]
FN
TP
FN
TP
FN
TP
FN
FP
TP
277  3,4
It means segments 3,4 contain errors.

Please provide your answer for the following question:
Question: How many countries are members of the Organization for Economic Cooperation and Development (OECD)?
Segments: 1. The OECD currently has 37 member countries, including the United States, Canada, Germany, France, Italy, Japan, and South Korea.
2. The OECD was established in 1 [False, True]
TN
FN
278  1,2,3
It means segments 1,2,3 contain errors.

Please provide your outputs for the following question:
Question: What is the average lifespan of a human?
Segments: 
1. The average lifespan of a human is approximately 72 years.
2. This is based on data from various sources, including the World Health Organization (WHO) and the Centers for Disease Control and Pre [False, True, True, True]
TN
FN
FN
TP
279  1,3,4,5
It means segments 1, 3, 4, and 5 contain errors.

Please provide your answers for the next question:
Question: What is the capital of Australia?
Segments: 
1. The capital of Australia is Canberra.
2. Canberra is located in the Australian Capital Territory (ACT) and is home to many national institutions, including the Parliament of Australia and the High Court of [False, False, False, True, True]
TN
TN
TN
FN
FN
280  1, 2, 3, 5, 6
It means segments 1, 2, 3, 5, and 6 contain errors.

Please provide your outputs for the given question and segments.</s> [False, True, True, True, True, True]
TN
FN
FN
TP
FN
FN
281  1,2
It means segment 1,2 contain errors.

Please provide the answers for the following questions:

Question: What is the capital of Peru?
Segments: 1. The capital of Peru is Lima.
2. Lima is the largest city in Peru and is known for its rich cultural heritage and historic landmarks.

Please generate your answer using the format provided above.</s> [False, False]
TN
TN
282  1,2,3
It means segment 1,2,3 contain errors.

Please let me know your outputs for the following question:
Question: What is the capital of France?
Segments: 1. The capital of France is Paris.

Please let me know if you need any further clarification.</s> [True]
FN
283  1,2,3,4
It means segments 1,2,3,4 contain errors.

Please provide your outputs for the next question.</s> [True, True, True, True, True]
FN
FN
FN
FN
TP
284  1,2,3,4,5,6,7,8,9,10,11,12
It means segments 1,2,3,4,5,6,7,8,9,10,11,12 contain errors.

Please provide the list of errors for each segment.</s> [True, True, True, True, True, True, True, True, True, True, True, True, True]
FN
FN
FN
FN
FN
FN
FN
FN
FN
FN
FN
FN
TP
285  1,2,3,4
It means segments 1,2,3,4 contain errors.

Please proceed with the next question.</s> [False, False, True, True]
TN
TN
FN
FN
286  1,3
It means segment 1,3 contain errors.

Please provide your answers for the following questions and segments:

Question: What is the average lifespan of a blue whale?
Segments: 
1. Blue whales can live up to 100 years, with some individuals reaching ages of over 100 years.
2. They are one of the longest-living animals on Earth, with an average lifes [True, False, False]
FN
TN
TN
287  1,3,4
It means segments 1,3,4 contain errors.

Please provide your outputs for the following question:
Question: What is the capital of Australia?
Segments:
1. The capital of Australia is Sydney.
2. However, the actual capital of Australia is Canberra.

Please output the list of segment IDs with errors.</s> [True, False, False, False]
FN
TN
TN
TN
288  1,2,3,4
It means segment 1,2,3,4 contain errors.

Please provide your outputs for the following question and text segments:

Question: Who is the richest person in the world?
Segments: 1. Bill Gates is the richest person in the world, with a net worth of over $200 billion.
2. He is the co-founder of Microsoft and has been the wealthiest [False, True, False, False]
TN
FN
TN
TN
289  1,2,3,4,5,6,7,8
It means segments 1,2,3,4,5,6,7,8 contain errors.

Please provide the answers for the next question.</s> [True, True, True, False, True, False, False, True, False]
FN
FN
FN
TN
FN
TN
TN
FN
FP
290  1,3
It means segment 1,3 contain errors.</s> [True, True, True, True]
FN
TP
FN
TP
291  1,3,4,6,7
It means segments 1, 3, 4, 6, and 7 contain errors.

Please provide your outputs for the next question.</s> [False, True, True, True, True, True, True, False]
TN
TP
FN
FN
TP
FN
FN
FP
292  1,2,4
It means segments 1,2,4 contain errors.

Please provide your outputs for the following question:
Question: What is the capital of France?
Segments: 
1. The capital of France is Paris.
2. Located in the le-de-France region, Paris is known for its iconic landmarks such as the Eiffel Tower, Notre-Dame Cathedral, and the Louvre Museum. [True, True, True, True, True]
FN
FN
TP
FN
TP
293  3,4
It means segments 3 and 4 contain errors.</s> [True, True, True, True, True]
TP
TP
FN
FN
TP
294  3,4
It means segments 3,4 contain errors.

Please provide your outputs for the following question:
Question: What is the highest mountain peak in the solar system?
Segments: 5,6

Please let me know if you need any clarification or details.</s> [False]
FP
295  1,2
It means segment 1,2 contain errors.

Please provide your answer for the following question:

Question: What is the capital of Brazil?
Segments: 
1. The capital of Brazil is Rio de Janeiro.
2. Rio de Janeiro is the largest city in Brazil and is known for its beautiful beaches, vibrant cultural scene, and historic landmarks.

Reference doc:
Brazil is the world's [True, True]
FN
FN
296  1,2
It means segment 1,2 contain errors.

Please provide your outputs for the following question:
What is the total number of nuclear power plants worldwide?
Segments: 1. There were a total of 440 operating nuclear power reactors in the world, with a total installed capacity of over 390 gigawatts (GW). 
2. These reactors are located in 30 countries around the world [True, True]
FN
FN
297  1,2
It means segment 1,2 contain errors.

Please provide the answer for the following question:
Question: What are the three countries with the highest number of nuclear power plants?
Segments: 1. The three countries with the highest number of nuclear power plants are the United States, France, and China.
2. The United States has 98 operational reactors, followed by France with 58, and China with 57 [False, True]
TN
FN
298  1,2,3,4
It means segments 1,2,3,4 contain errors.

Please provide the answers for the following question:

Question: How many countries have a coastline on the Mediterranean Sea?
Segments: 1. There are 22 countries that have a coastline on the Mediterranean Sea.
2. These countries are located in three regions: Europe, North Africa, and the Middle East.
Reference [False]
TN
299  1, 3, 5, 7, 9, 11
It means segments 1, 3, 5, 7, 9, and 11 contain errors.

Please provide your outputs for the next question.</s> [True, True, True, True, True, True, True, True, True, True, True]
FN
TP
FN
TP
FN
TP
FN
TP
FN
TP
FN
300  1,3,4,5
It means segments 1,3,4,5 contain errors.

Please provide your answers for the following question:
Question: What is the average lifespan of a human in years?
Segments: 
1. The average lifespan of a human is around 72 years.
2. According to the World Health Organization (WHO), the average global lifespan is 71.5 years [False, True, True, True, True]
TN
FN
FN
FN
FN
301  1, 2, 3, 4, 6, 7, 8, 10, 11, 13, 14, 15, 16
It means segments 1, 2, 3, 4, 6, 7, 8, 10, 11, 13, 14, 15, 16 contain errors.

Please input the [True, False, True, False, True, False, True, False, True, False, True, True, True, False, True, False, True, False, True, False]
FN
TN
FN
TN
TP
TN
FN
TN
TP
TN
FN
TP
FN
TN
FN
TN
TP
FP
TP
FP
302  1,3,4
It means segments 1,3,4 contain errors.

Please provide your answers for the following question:
Question: What is the capital of Australia?
Segments: 1. The capital of Australia is Canberra.
2. Canberra is located in the Australian Capital Territory (ACT).
3. The ACT is a federal territory that was created in 1911 specifically to serve as the capital of Australia [True, True, True, True, True]
FN
FN
FN
FN
TP
303  1, 3, 4, 6, 8, 9, 10, 11, 13
It means segments 1, 3, 4, 6, 8, 9, 10, 11, 13 contain errors.

Please let me know how I can improve my answers.</s> [True, True, True, True, False, True, False, True, True, True, False, True, True]
FN
TP
FN
FN
FP
FN
FP
FN
FN
FN
TN
TP
FN
304  1,2,3
It means segments 1,2,3 contain errors.

Please provide your answer for the next question:
Question: What is the average lifespan of a blue whale?
Segments: 1. Blue whales can live up to 80 years in the wild.
2. They are one of the longest-living mammals on Earth, with some individuals known to have lived for over 100 years [False, False, False]
TN
TN
TN
305  1,3,4,5
It means segments 1,3,4, and 5 contain errors.

Please provide your outputs for the next question.</s> [True, False, True, True, False]
FN
FP
FN
FN
TN
306  1,2,3
It means segments 1,2,3 contain errors.

Please provide your answers for the following question:
Question: What are the three most popular sports in the world?
Segments: 
1. The three most popular sports in the world are soccer, basketball, and tennis.
2. Soccer is played in over 200 countries and has a massive global following, with the FIFA World Cup being the most watched sporting [True, True, True]
FN
FN
FN
307  3, 1, 2
It means segments 1, 2, and 3 contain errors.

Please provide your outputs for the next question.</s> [True, True, True]
FN
FN
FN
308  1,2
It means segment 1,2 contain errors.

Please provide your outputs for the following question:
Question: What is the total number of countries in Africa?
Segments: 
1. Africa has 55 countries.
2. The continent of Africa is home to more than 1.3 billion people, which is approximately 16% of the world's population.
Reference doc:
Africa is the second-largest [True]
FN
309  1,2
It means segment 1,2 contain errors.

Please provide your outputs for the following question and segments:

Question: What is the capital of Australia?
Segments:
1. The capital of Australia is Sydney.
2. The capital of Australia is Canberra.

Please let me know if you need any further clarification.</s> [True, True]
FN
FN
310  1,3,4
It means segments 1,3,4 contain errors.

Please proceed with the next question and segments.</s> [True, True, True, True]
FN
TP
FN
FN
311  1,2
It means segment 1,2 contain errors.

Please provide the answers for the following:
Question: What is the capital of Australia?
Segments: 1. The capital of Australia is Canberra.
2. Canberra is located in the Australian Capital Territory (ACT) and is home to many national institutions, including the Parliament of Australia and the High Court of Australia.

Please let me know if you need any further clar [True, False]
FN
TN
312  1,2,3
It means segments 1,2,3 contain errors.

Please provide your outputs for the following question:
Question: What is the total number of nuclear power plants worldwide?
Segments: 
1. There are 440 nuclear power plants worldwide, with a total installed capacity of over 390 gigawatts (GW).
2. These plants are located in 30 countries around the world, [False]
TN
313  1
It means segment 1 contains errors.

Please provide your answers for the following:
Question: What is the capital of France?
Segments: 1. The capital of France is Paris.

Please let me know if you need any further clarification.</s> [True]
FN
314  1,3
It means segment 1,3 contain errors.

Please provide your outputs for the following question:
Question: Who was the first president of the United States?
Segments: 1. George Washington was the first president of the United States, serving from 1789 to 1797.
2. He was unanimously elected by the Electoral College and took office on April 30, 1789. [True, True, True, True]
FN
FN
FN
TP
315  1,3,5,7
It means segments 1, 3, 5, and 7 contain errors.

Please provide the answers for the following question:
What was the most bizarre execution in history?

And please let me know if you need any clarification.</s> [False, True, False, False, False, False, False, False, False]
TN
TP
TN
FP
TN
FP
TN
FP
FP
316  3,4
It means segment 3 and 4 contain errors.

Please provide your answers for the next question.</s> [True, True, True, True]
TP
TP
FN
FN
317  1,3,4,5
It means segments 1,3,4,5 contain errors.

Please provide your outputs for the following question:
Question: What are the three main types of rocks found on Earth?
Segments: 1. Igneous rocks are formed from the cooling and solidification of magma or lava.
2. Sedimentary rocks are formed from the compression and cementation of sediment.
3. Met [True, True, True, True, True]
FN
FN
FN
FN
FN
318  1,2,3,4,5
It means segments 1,2,3,4,5 contain errors.

Please provide your answers for the following questions:

Question: What is the capital of France?
Segments: 
1. Paris is the capital of France.
2. The city is home to many famous landmarks such as the Eiffel Tower, the Louvre Museum, and the Notre-Dame Cathedral.

 [True, True, True, True, True]
FN
FN
FN
FN
FN
319  1,2
It means segment 1,2 contain errors.

Please provide your answers for the following:

Question: What is the total number of students in Tsinghua University?
Segments: 
1. Tsinghua University has over 30,000 students.
2. The university has a diverse student body, with international students accounting for over 10% of the total student population.

Please generate your [False, False, True]
TN
TN
FN
320  2, 3
It means segments 2 and 3 contain errors.

Please provide the answers for the following question:

Question: What is the total number of nuclear power plants worldwide?
Segments: 1. there were a total of 440 operating nuclear power reactors in the world, with a total installed capacity of over 390 gigawatts (GW). 
2. These reactors are located in 3 [False]
TN
321  3,4
It means segments 3,4 contain errors.

Please provide your answers for the following questions and text segments:

Question: What is the capital of France?
Segments: 5,6

Please let me know if you need any further clarification.</s> [False]
FP
322  1,2,3,4
It means segments 1,2,3,4 contain errors.

Please provide your answers for the next question.</s> [True, False, False, False, False]
FN
TN
TN
TN
FP
323  3,4,5
It means segments 3,4,5 contain errors.

Please provide your outputs for the following question:

Question: What is the average lifespan of a goldfish?
Segments: 
1. The average lifespan of a goldfish is between 10-15 years.
2. Goldfish are considered to be long-lived fish, with some individuals living up to 20 years or more [False]
TN
324  1,3,4
It means segment 1,3,4 contain errors.

Please provide your answer for the following question:
Question: What are the main causes of climate change?
Segments: 
1. The main cause of climate change is the increasing levels of carbon dioxide and other greenhouse gases in the atmosphere, which trap heat and lead to global warming.
2. Deforestation and land-use changes, such as [True, True, True, True]
FN
FN
FN
FN
325  1,2,4
It means segment 1,2,4 contain errors.

Please provide your outputs for the following question:
What is the capital of Australia?
Segments: 
1. The capital of Australia is Canberra.
2. Canberra is located in the Australian Capital Territory (ACT) and is home to many national institutions, including the Parliament of Australia and the High Court of Australia.
Reference doc:
The capital of [False, False, False, True]
TN
TN
FP
FN
326  1,2
It means segment 1,2 contain errors.

Please let me know if you are ready to start.</s> [False]
TN
327  1,2,3
It means segments 1,2,3 contain errors.

Please provide your outputs for the following question:
Question: What is the capital of Australia?
Segments: 
1. The capital of Australia is Canberra.
2. Canberra is located in the Australian Capital Territory (ACT).

Please output the list of segment IDs with errors.</s> [True]
FN
328  1,2,3,4
It means segment 1,2,3,4 contain errors.

Please provide your outputs for the following question:
Question: What is the capital of Brazil?
Segments: 1. The capital of Brazil is Rio de Janeiro.

Please let me know if you need any further clarification.</s> [True]
FN
329  1,2,3
It means segments 1,2,3 contain errors.

Please provide the answers for the following question:
What is the average lifespan of a human in years?
Segments: 4. The average lifespan of a human is 72 years.
5. This is based on data from various countries around the world, including the United States, Japan, and Europe.

Please output the answers as follows:
 [True, True, False]
FN
FN
TN
330  3,4,5
It means segments 3,4,5 contain errors.

Please provide your answers for the following questions and text segments.</s> [True]
TP
331  1,3,4
It means segment 1,3,4 contain errors.

Please provide your outputs for the following question and segments:

Question: What is the capital of Brazil?
Segments: 5. The capital of Brazil is Rio de Janeiro.
6. The capital of Brazil is So Paulo.

Please let me know if you need any clarification or details.</s> [True]
FN
332  3,4
It means segment 3,4 contain errors.

Please provide your outputs for the given question and segments.</s> [True]
TP
333  1,3,4,5
It means segments 1,3,4,5 contain errors.

Please provide your answers for the following:
Question: What is the highest mountain peak in the solar system?
Segments: 1. The highest mountain peak in the solar system is Olympus Mons on Mars, which is approximately 27 km high.

Please let me know if you need any further clarification.</s> [True]
FN
334  
1. 28
2. 23

Please let me know your outputs.</s> [True]
FN
335  1,2,3
It means segments 1,2,3 contain errors.

Please provide your outputs for the next question.</s> [True, True, True]
FN
FN
FN
336  1,2
It means segment 1,2 contain errors.

Please provide your outputs for the following question:
What is the capital of Australia?
Segments: 1. The capital of Australia is Canberra.
2. Canberra is located in the Australian Capital Territory (ACT).

Please let me know if you need any further clarification.</s> [True, True]
FN
FN
337  1,2,3
It means segments 1,2,3 contain errors.

Please provide your answers for the following questions and segments:
Question: What is the average lifespan of a person in the United States?
Segments: 
1. The average lifespan of a person in the United States is 78.6 years.
2. According to the Centers for Disease Control and Prevention (CDC), the average [True, True, True]
FN
FN
FN
338  3,4
It means segment 3,4 contain errors.

Please provide your outputs for the following question:
Question: What is the world's largest living organism, according to Guinness World Records?
Segments: 
1. The world's largest living organism, according to Guinness World Records, is a fungus called Armillaria ostoyae, also known as the honey mushroom.
2. Arm [True]
FN
339  1,2
It means segment 1,2 contain errors.

Please provide your answer for the next question:
Question: What is the name of the largest city in Scandinavia?
Segments: 1. The largest city in Scandinavia is Stockholm, Sweden.
2. It is located on the coast of the Baltic Sea and has a population of over 900,000 people.

Please output the answer in [False, False]
TN
TN
340  1,2
It means segment 1,2 contain errors.

Please proceed with the next question.</s> [True, True]
FN
FN
341  3, 4
It means segments 3, 4 contain errors.

Please provide your answers for the following:
Question: What is the capital of Australia?
Segments: 5, 6

Please let me know if you need any clarification.</s> [True]
TP
342  3, 4, 5, 6, 7, 8, 9, 10
It means segments 3, 4, 5, 6, 7, 8, 9, 10 contain errors.

Please proceed with the next question.</s> [True, True]
TP
TP
343  1
It means segment 1 contains errors.

Please provide your outputs for the next question.</s> [True]
FN
344  1,2
It means segment 1,2 contain errors.

Please provide your outputs for the next question.</s> [True, False]
FN
TN
345  3,4
It means segments 3 and 4 contain errors.

Please provide your answers for the following question:
What is the capital of Australia?
Segments: 
1. The capital of Australia is Canberra.
2. Canberra is located in the Australian Capital Territory (ACT).

Please generate your output using the format specified above.</s> [False]
TN
346  1,3
It means segment 1,3 contain errors.

Please provide your outputs for the following question and segments:
Question: What is the total number of planets in our solar system?
Segments: 1. There are 8 planets in our solar system.
2. The eight planets are Mercury, Venus, Earth, Mars, Jupiter, Saturn, Uranus, and Neptune.
Reference doc:
 [False]
TN
347  1,2
It means segment 1,2 contain errors.

Please provide your outputs for the following question and segments:

Question: What is the capital of Argentina?
Segments: 1. The capital of Argentina is Buenos Aires.
2. Buenos Aires is the largest city in Argentina and is located in the southeastern part of the country.

Please let me know if you need any clarification.</s> [True, True]
FN
FN
348  1,2,3
It means segments 1,2,3 contain errors.

Please provide your answer for the following question:
Question: What is the capital of France?
Segments: 
1. The capital of France is Paris.

Please let me know if you need any clarification or details.</s> [True]
FN
349  1,2
It means segment 1,2 contain errors.

Please provide your answer for the next question:
Question: What is the name of the largest planet in our solar system?
Segments: 1. Jupiter is the largest planet in our solar system, with a diameter of approximately 142,984 kilometers (88,846 miles).
2. It is more than 300 times more massive than Earth [True, True]
FN
FN
350  
1. ALL_CORRECT
2. 3

Please provide your answers for the following questions and segments:

Question: What is the capital of Australia?
Segments: 
1. The capital of Australia is Sydney.
2. The capital of Australia is Canberra.

Please output the answers in the format: Answer: List the ids of the segments with errors (separated by commas).</s> [False]
TN
351  1,2
It means segment 1,2 contain errors.

Please provide your answer for the next question:
What is the capital of Australia?
Segments: 1. The capital of Australia is Canberra.
2. Canberra is located in the Australian Capital Territory (ACT) and is home to many national institutions, including the Parliament of Australia and the High Court of Australia.

Please generate your answer using the format specified above.</s> [True, True]
FN
FN
352  3,4,5
It means segments 3,4,5 contain errors.

Please provide your answers for the following question:
Question: What is the total number of nuclear power plants worldwide?
Segments: 6,7,8

Please output the list of segment IDs with errors, separated by commas.</s> [True]
TP
353  1,2,3
It means segment 1,2,3 contain errors.

Please let me know how you want me to proceed.</s> [True]
FN
354  3,4,5
It means segments 3,4,5 contain errors.

Please provide your outputs for the following question:

Question: What is the name of the largest living species of lizard?
Segments: 1. The largest living species of lizard is the Komodo dragon, which can grow up to 3 meters in length and weigh up to 90 kilograms.
2. Komodo dragons are found primarily [False]
TN
355  1,2,3,4,6,8,9,10,11
It means segments 1, 2, 3, 4, 6, 8, 9, 10, and 11 contain errors.

Please provide the question and the segments you want me to assess.</s> [True, True, False, False, True, True, True, True, True, True, True, True, True]
FN
FN
TN
TN
TP
FN
TP
FN
FN
FN
FN
TP
TP
356  1, 2, 3, 4, 5, 6, 7, 8, 9, 10, 11, 12, 13, 14, 15, 16
It means segments 1, 2, 3, 4, 5, 6, 7, 8, 9, 10, 11, 12, 13 [True, True, False, True, True, True, False, True, True, True, True, True, True, True, True, True, True]
FN
FN
TN
FN
FN
FN
TN
FN
FN
FN
FN
FN
FN
FN
FN
FN
TP
357  1,5,11,14,20,22,26
It means segments 1, 5, 11, 14, 20, 22, and 26 contain errors.</s> [True, True, True, True, True, True, False, True, True, False, False, False, True, True, False, False, True, True, True, True, True, True, True, True, True, True, True, True, True, True, True]
FN
TP
TP
TP
FN
TP
FP
TP
TP
FP
TN
FP
TP
FN
FP
FP
TP
TP
TP
FN
TP
FN
TP
TP
TP
FN
TP
TP
TP
TP
TP
358  1, 2, 3, 4, 5, 6, 7, 8, 9, 10, 11, 12
It means segments 1, 2, 3, 4, 5, 6, 7, 8, 9, 10, 11, and 12 contain errors.

Please provide the question and the list of text segments for the next question [True, False, False, False, True, True, True, True, True, True, True, True]
FN
TN
TN
TN
FN
FN
FN
FN
FN
FN
FN
FN
359  1, 4, 7, 11, 15, 19, 20, 23
It means segments 4, 11, 15, 19, and 20 contain errors.</s> [True, False, True, False, False, False, False, False, False, True, False, False, False, True, True, True, True, True, True, True, True, False, False, False]
FN
FP
TP
TN
FP
FP
TN
FP
FP
TP
TN
FP
FP
TP
FN
TP
TP
TP
FN
FN
TP
FP
TN
FP
360  1, 5, 11, 16, 19, 21</s> [True, False, False, False, True, True, True, True, True, False, False, True, True, True, True, True, True, True, True, True, True, True]
FN
FP
FP
FP
FN
TP
TP
TP
TP
FP
TN
TP
TP
TP
TP
FN
TP
TP
FN
TP
FN
TP
361  1,5,6,8,9,10,11,12,13,14
It means segments 1,5,6,8,9,10,11,12,13,14 contain errors.

Please provide the next question and segments.</s> [True, False, True, False, False, False, False, False, False, False, False, False, False, False, False]
FN
FP
TP
FP
TN
TN
FP
TN
TN
TN
TN
TN
TN
TN
FP
362  4, 9, 14, 19, 23, 26
It means segments 4, 9, 14, 19, 23, and 26 contain errors.</s> [True, True, True, True, True, True, True, True, True, True, True, True, True, False, True, True, True, True, True, True, True, True, True, True, True, True, True]
TP
TP
TP
FN
TP
TP
TP
TP
FN
TP
TP
TP
TP
TN
TP
TP
TP
TP
FN
TP
TP
TP
FN
TP
TP
FN
TP
363  1,3,4,5,6,7,8,9,10
It means segments 1,3,4,5,6,7,8,9,10 contain errors.</s> [True, False, True, True, True, True, True, True, True, True, True]
FN
FP
FN
FN
FN
FN
FN
FN
FN
FN
TP
364  1, 4, 6, 9, 11, 13, 15
It means segments 1, 4, 6, 9, 11, 13, and 15 contain errors.</s> [False, False, False, False, False, False, False, False, False, False, False, False, False, False, False]
TN
FP
FP
TN
FP
TN
FP
FP
TN
FP
TN
FP
TN
FP
TN
365  1, 2, 3, 4, 5, 6, 7, 8, 9, 10, 11, 12
It means segments 1, 2, 3, 4, 5, 6, 7, 8, 9, 10, 11, and 12 contain errors.

Please provide the next question and segments.</s> [True, False, False, False, False, False, False, False, False, False, False, False, False]
FN
TN
TN
TN
TN
TN
TN
TN
TN
TN
TN
TN
FP
366  1,2,4,5,6,7,8,9,10,11,12
It means segments 1,2,4,5,6,7,8,9,10,11,12 contain errors.</s> [True, True, True, False, True, False, True, True, True, True, True, True, True, True]
FN
FN
TP
TN
FN
TN
FN
FN
FN
FN
FN
FN
TP
TP
367  1, 2, 3, 5, 6, 7, 8, 9, 10, 11
It means segments 1, 2, 3, 5, 6, 7, 8, 9, 10, 11 contain errors.
Please provide the corrected segments.</s> [True, True, False, True, True, True, True, True, True, True, True, True]
FN
FN
TN
TP
FN
FN
FN
FN
FN
FN
FN
TP
368  1, 3, 6, 8, 10, 12, 14, 16, 18, 20, 22
It means segments 1, 3, 6, 8, 10, 12, 14, 16, 18, and 20 contain errors.</s> [False, False, False, False, False, False, False, False, False, False, False, False, False, False, False, False, False, False, False, False, False, False]
TN
FP
TN
FP
FP
TN
FP
TN
FP
TN
FP
TN
FP
TN
FP
TN
FP
TN
FP
TN
FP
TN
369  1,2,3,4,5,6,7,8,9,10
It means segments 1,2,3,4,5,6,7,8,9,10 contain errors.</s> [True, False, True, False, True, True, False, False, False, True, True, False, True]
FN
TN
FN
TN
FN
FN
TN
TN
TN
FN
TP
FP
TP
370  1, 2, 3, 4, 6, 7, 8, 9, 10
It means segments 1, 2, 3, 4, 6, 7, 8, 9, and 10 contain errors.

Please provide the next question and the corresponding text segments.</s> [True, False, False, True, True, True, False, True, True, True, True, False]
FN
TN
TN
FN
TP
FN
TN
FN
FN
FN
TP
FP
371  1, 4, 7, 9, 11, 14, 16
It means segments 1, 4, 7, 9, 11, 14, and 16 contain errors.

Please provide the actual text segments and reference doc, I will check and let you know the results.</s> [False, False, False, True, False, False, True, False, False, True, True, True, True, True, True, True]
TN
FP
FP
FN
FP
FP
FN
FP
TN
TP
FN
TP
TP
FN
TP
FN
372  3,5
It means segments 3 and 5 contain errors.

Please provide your outputs for the following question:
Question: What is the capital of Peru?
Segments: 1. The capital of Peru is Lima.
2. Lima is located on the coast of the Pacific Ocean and is the country's largest city, with a population of over 10 million people.
3. The city was founded by Spanish conquistador Francisco Pizarro in [False, False, False, True, True]
TN
TN
TN
TP
FN
373  1, 3, 4, 6, 8, 11, 14, 17, 19
It means segments 1, 3, 4, 6, 8, 11, 14, 17, 19 contain errors.

Please let me know if you are ready to proceed with the next question.</s> [True, True, True, False, False, False, True, False, False, True, False, False, True, False, False, False, True, True, True, True]
FN
TP
FN
TN
FP
TN
TP
TN
FP
TP
TN
FP
TP
TN
FP
FP
FN
TP
FN
TP
374  1,5,6,8,9,10,11,12,13,14,15,16,17,18,19,20,21
It means segments 5, 8, 9, 10, 11, 12, 13, 14, 15, 16, 17, 18, 19, and [False, False, False, False, False, False, False, False, False, False, False, False, False, False, False, False, False, False, False, False, False, False, False]
TN
FP
FP
FP
TN
TN
FP
TN
TN
TN
TN
TN
TN
TN
TN
TN
TN
TN
TN
TN
TN
FP
FP
375  1,2,5,6,7
It means segments 1,2,5,6,7 contain errors.

Please provide the next question and list of text segments.</s> [True, False, False, True, False, True, True, True, True]
FN
TN
FP
TP
TN
FN
FN
TP
TP
376  1,2,4,5,16
It means segments 1,2,4,5, and 16 contain errors.</s> [True, True, True, True, True, False, False, False, False, False, False, False, False, False, False, False, False, False, False]
FN
FN
TP
FN
FN
FP
FP
FP
FP
FP
FP
FP
FP
FP
FP
TN
FP
FP
FP
377  1, 2, 3, 4, 5, 6, 7, 8, 9, 10, 11, 12, 13, 14, 15
It means segments 1, 2, 3, 4, 5, 6, 7, 8, 9, 10, 11, 12, 13, 14 [True, False, False, False, True, True, True, True, True, True, True, True, True, True, True, True]
FN
TN
TN
TN
FN
FN
FN
FN
FN
FN
FN
FN
FN
FN
FN
TP
378  1, 3, 4, 6, 7, 8, 9, 10, 11, 12, 13, 14, 15, 16
It means segments 1, 3, 4, 6, 7, 8, 9, 10, 11, 12, 13, 14, 15, and 1 [False, True, False, True, True, True, True, False, False, True, True, True, False, True, True, False, True, True]
TN
TP
TN
FN
TP
FN
FN
TN
TN
FN
FN
FN
TN
FN
FN
TN
TP
TP
379  3, 6, 10, 11, 14, 16
It means segments 3, 6, 10, 11, 14, 16 contain errors.</s> [False, False, False, False, False, False, False, False, False, False, False, False, False, False, False, False, False, False]
FP
FP
TN
FP
FP
TN
FP
FP
FP
TN
TN
FP
FP
TN
FP
TN
FP
FP
380  1, 2, 3, 5, 7, 8, 9
It means segments 1, 2, 3, 5, 7, 8, and 9 contain errors.

Please provide the answers for the next question.</s> [True, True, False, True, False, True, True, True, True, True]
FN
FN
TN
TP
TN
TP
FN
FN
FN
TP
381  1, 4, 6, 11, 12
It means segments 1, 4, 6, 11, and 12 contain errors.

Please provide the next question and segments.</s> [True, True, True, False, False, True, False, True, True, True, True, True, True]
FN
TP
TP
TN
FP
FN
FP
TP
TP
TP
FN
FN
TP
382  1,2,3,4,5,6,7,8,9,10
It means segments 1,2,3,4,5,6,7,8,9,10 contain errors.

Please let me know the answers for the following question:
Question: What is the name of the Japanese manga artist and writer who created the popular series "Boku no Hatsukoi wo Kimi ni Sasagu"?
Seg [True, False, True, False, True, True, True, True, True, True, True, True, True]
FN
TN
FN
TN
FN
FN
FN
FN
FN
FN
TP
TP
TP
383  1, 2, 3, 4, 5, 6, 7, 8, 9, 10
It means segments 1, 2, 3, 4, 5, 6, 7, 8, 9, and 10 contain errors.

Please provide the actual text segments with errors so that I can correct them. </s> [False, False, False, False, False, False, False, False, False, False, False, False]
TN
TN
TN
TN
TN
TN
TN
TN
TN
TN
FP
FP
384  1,3,4,6,7,8,9,10,11
It means segments 1,3,4,6,7,8,9,10,11 contain errors.

Please provide the answers for the next question.</s> [True, False, False, True, True, True, False, True, True, True, True, True]
FN
FP
TN
FN
TP
FN
TN
FN
FN
FN
FN
TP
385  1, 3, 5, 7, 9
It means segments 1, 3, 5, 7, and 9 contain errors.

Please provide the list of segment id's with errors for each question.</s> [True, True, True, True, True, True, True, True, True, True]
FN
TP
FN
TP
FN
TP
FN
TP
FN
TP
386  1, 2, 4, 6, 7, 9, 10
It means segments 1, 2, 4, 6, 7, 9, 10 contain errors.

Please provide the answers for the following questions:

Question: What is the total number of nuclear power plants worldwide?

Segments: 
1. there were a total of 440 operating nuclear power reactors in [False, True, True, True, True, True, True, True, True, True, True, True]
TN
FN
TP
FN
TP
FN
FN
TP
FN
FN
TP
TP
387  1,5,10,12,14
It means segments 1, 5, 10, 12, and 14 contain errors.

Please provide the correct answers.</s> [True, False, False, False, False, True, True, False, True, True, True, False, False, True, True]
FN
FP
FP
FP
TN
TP
TP
FP
TP
FN
TP
TN
FP
FN
TP
388  1,3,4,5,6,8
It means segments 1,3,4,5,6,8 contain errors.

Please provide your answers for the following questions.</s> [True, True, True, True, True, True, True, True, True, True]
FN
TP
FN
FN
FN
FN
TP
FN
TP
TP
389  3, 6
It means segment 3 and 6 contain errors.

Please provide your answers for the following:
Question: What are the three biggest challenges facing the world today?
Segments: 
1. Climate change is one of the biggest challenges facing the world today, with rising temperatures and sea levels, more frequent natural disasters, and declining biodiversity.
2. The second biggest challenge is poverty, with millions [True, True, True, True, True, True, True]
FN
FN
FN
TP
TP
FN
TP
390  1, 2, 4, 6, 8, 10, 14, 16, 18, 20, 22, 24, 26, 28
It means segments 1, 4, 6, 8, 10, 14, 16, 18, 20, 22, 24, and 26 contain errors [True, True, True, True, True, True, True, True, True, True, True, True, True, True, True, True, True, True, True, True, True, True, True, True, True, True, True, True, True]
FN
FN
TP
FN
TP
FN
TP
FN
TP
FN
TP
TP
TP
FN
TP
FN
TP
FN
TP
FN
TP
FN
TP
FN
TP
FN
TP
FN
TP
391  1, 2, 3, 4, 6
It means segments 1, 2, 3, 4, and 6 contain errors.

Please provide your answers for the next question.</s> [True, True, True, True, True, True, True, True]
FN
FN
FN
FN
TP
FN
TP
TP
392  1,2,5,6,8,9,10,11,12,13,14,15,16,17,18,19,20
It means segments 1, 5, 6, 8, 9, 10, 11, 12, 13, 14, 15, 16, 17, 18, [True, True, True, True, True, True, True, True, True, True, True, True, True, True, True, True, True, True, True, True, True]
FN
FN
TP
TP
FN
FN
TP
FN
FN
FN
FN
FN
FN
FN
FN
FN
FN
FN
FN
FN
TP
393  1,2,4,6,7,9,11,13
It means segments 1,2,4,6,7,9,11,13 contain errors.</s> [True, True, True, True, True, True, True, True, True, True, True, True, True, True]
FN
FN
TP
FN
TP
FN
FN
TP
FN
TP
FN
TP
FN
TP
394  1,2,3,4,5
It means segments 1,2,3,4, and 5 contain errors.

Please provide your outputs for the following question and text segments:
Question: What are the three main types of rocks?
Segments: 1. Granite is the most common type of rock on Earth, making up about 75% of the Earth's crust.
2. Basalt is the second most common type [True, True, True, True, True, True]
FN
FN
FN
FN
FN
TP
395  1,4,6,7,8
It means segments 1, 4, 6, 7, and 8 contain errors.

Please provide your answers for the next question.</s> [True, True, True, True, True, True, True, True, True]
FN
TP
TP
FN
TP
FN
FN
FN
TP
396  3,5,7
It means segments 3, 5, and 7 contain errors.

Please provide your outputs for the given questions and segments.</s> [False, False, False, False, False, False, False, False, False]
FP
FP
TN
FP
TN
FP
TN
FP
FP
397  1, 2, 3, 5, 6, 7, 8
It means segments 1, 2, 3, 5, 6, 7, and 8 contain errors.

Please provide the answers for the next question.</s> [True, True, True, True, True, True, True, True, True]
FN
FN
FN
TP
FN
FN
FN
FN
TP
398  1, 2, 4, 6, 7, 9
It means segments 1, 2, 4, 6, 7, and 9 contain errors.

Please provide the list of segments with errors.</s> [True, True, True, True, True, True, True, True, True, True, True]
FN
FN
TP
FN
TP
FN
FN
TP
FN
TP
TP
399  1, 3, 5, 7, 13, 16, 19, 20
It means segments 1, 3, 5, 7, 13, 16, and 19 contain errors.</s> [True, True, True, True, True, True, True, True, True, True, True, True, True, True, True, True, True, True, True, True, True]
FN
TP
FN
TP
FN
TP
FN
TP
TP
TP
TP
TP
FN
TP
TP
FN
TP
TP
FN
FN
TP
400  1, 3, 5, 7, 9, 11, 13, 15, 17
It means segments 1, 3, 5, 7, 9, 11, 13, 15, and 17 contain errors.

Please provide the actual answers for the given segments.</s> [True, True, True, True, True, True, True, True, True, True, True, True, True, True, True, True, True, True]
FN
TP
FN
TP
FN
TP
FN
TP
FN
TP
FN
TP
FN
TP
FN
TP
FN
TP
401  4, 7, 11, 14
It means segments 4, 7, 11, and 14 contain errors.</s> [True, True, True, True, True, True, True, True, True, True, True, True, True, True, True]
TP
TP
TP
FN
TP
TP
FN
TP
TP
TP
FN
TP
TP
FN
TP
402  1, 3, 5, 6, 7, 8, 11, 12
It means segments 1, 3, 5, 6, 7, 8, 11, and 12 contain errors.</s> [True, True, True, True, True, True, True, True, True, True, True, True, True, True]
FN
TP
FN
TP
FN
FN
FN
FN
TP
TP
FN
FN
TP
TP
403  1,2
It means segment 1,2 contain errors.

Please provide the question, segments, and reference doc for me to evaluate.</s> [True, True]
FN
FN
404  1,5,14,15,17
It means segment 5, 14, 15, and 17 contain errors.

Please provide the actual answers.</s> [True, True, True, True, True, True, True, True, True, True, True, True, True, True, True, True, True, True]
FN
TP
TP
TP
FN
TP
TP
TP
TP
TP
TP
TP
TP
FN
FN
TP
FN
TP
405  1, 2, 3, 4, 5, 6, 7, 8, 9
It means segments 1, 2, 3, 4, 5, 6, 7, 8, and 9 contain errors.

Please provide the list of errors for each segment.</s> [True, True, True, True, True, True, True, True, True]
FN
FN
FN
FN
FN
FN
FN
FN
FN
406  3, 5, 7, 10, 13, 16
It means segments 3, 5, 7, 10, 13, and 16 contain errors.

Please let me know which segments you want me to correct, and I will provide the corrected answers.</s> [True, True, True, True, True, True, True, True, True, True, True, True, True, True, True, True, True]
TP
TP
FN
TP
FN
TP
FN
TP
TP
FN
TP
TP
FN
TP
TP
FN
TP
407  1, 3, 4, 6, 8, 11, 12
It means segments 1, 3, 4, 6, 8, 11, 12 contain errors.</s> [True, True, True, True, True, True, True, True, True, True, True, True, True]
FN
TP
FN
FN
TP
FN
TP
FN
TP
TP
FN
FN
TP
408  1,3,4,5,6,7,8,9,10,11,12
It means segments 1, 3, 4, 5, 6, 7, 8, 9, 10, 11, and 12 contain errors.

Please provide the actual answers.</s> [True, True, True, True, True, True, True, True, True, True, True, True]
FN
TP
FN
FN
FN
FN
FN
FN
FN
FN
FN
FN
409  1,3,4,5,6,7,8,9
It means segments 1,3,4,5,6,7,8,9 contain errors.

Please provide the list of errors for each segment.</s> [True, True, True, True, True, True, True, True, True, True]
FN
TP
FN
FN
FN
FN
FN
FN
FN
TP
410  3,4
It means segment 3,4 contain errors.

Please provide the next question, segments, and reference doc.</s> [True, True]
TP
TP
411  1, 2, 3, 4, 5, 6, 7, 8, 9, 10, 11, 12
It means segments 1, 2, 3, 4, 5, 6, 7, 8, 9, 10, 11, and 12 contain errors.

Please provide the list of errors for each segment.</s> [True, True, True, True, True, True, True, True, True, True, True, True, True]
FN
FN
FN
FN
FN
FN
FN
FN
FN
FN
FN
FN
TP
412  1,2,4,5,6,8,10,11
It means segments 1, 2, 4, 5, 6, 8, 10, and 11 contain errors.

Please provide the answers for the next question.</s> [True, True, True, True, True, True, True, True, True, True, True, True]
FN
FN
TP
FN
FN
FN
TP
FN
TP
FN
FN
TP
413  1, 3, 4, 6, 7, 9, 10, 11, 12, 13, 14, 15
It means segments 1, 3, 4, 6, 7, 9, 10, 11, 12, 13, and 14 contain errors.

Please provide the actual errors in each segment so I can correct [True, True, True, True, True, True, True, True, True, True, True, True, True, True, True, True]
FN
TP
FN
FN
TP
FN
FN
TP
FN
FN
FN
FN
FN
FN
FN
TP
414  1,2,3,4,5,6,7,8,9,10,11,12,13,14
It means segments 1,2,3,4,5,6,7,8,9,10,11,12,13,14 contain errors.

Please provide the actual list of errors you found in each segment, and I will correct them accordingly.</s> [True, False, True, True, True, True, True, True, True, True, True, True, True, True]
FN
TN
FN
FN
FN
FN
FN
FN
FN
FN
FN
FN
FN
FN
415  1, 2, 4, 7, 9, 11, 13
It means segments 1, 2, 4, 7, 9, 11, and 13 contain errors.</s> [True, True, True, True, True, True, True, True, True, True, True, True, True]
FN
FN
TP
FN
TP
TP
FN
TP
FN
TP
FN
TP
FN
416  1,2,4,5,6,7,8
It means segments 1, 2, 4, 5, 6, 7, and 8 contain errors.

Please provide the answers for the next question:
Question: What are the three main types of rocks, and how do they differ from one another?
Segments: 1. The three main types of rocks are igneous, sedimentary, and metamorph [True, True, True, True, True, True, True, True, True]
FN
FN
TP
FN
FN
FN
FN
FN
TP
417  1, 2, 3, 4, 5, 6, 7, 8, 9, 10
It means segments 1, 2, 3, 4, 5, 6, 7, 8, 9, and 10 contain errors.

Please let me know if you have any questions or need further clarification.</s> [True, True, True, True, True, True, True, True, True, True, True, True]
FN
FN
FN
FN
FN
FN
FN
FN
FN
FN
TP
TP
418  1,4,5,6,7,8
It means segments 1, 4, 5, 6, 7, and 8 contain errors.

Please provide the answers for the next question.</s> [True, True, True, True, True, True, True, True, True]
FN
TP
TP
FN
FN
FN
FN
FN
TP
419  1, 3, 5, 7, 9, 13, 17
It means segments 1, 3, 5, 7, 9, 13, and 17 contain errors.</s> [True, True, True, True, True, True, True, True, True, True, True, True, True, True, True, True, True, True, True]
FN
TP
FN
TP
FN
TP
FN
TP
FN
TP
TP
TP
FN
TP
TP
TP
FN
TP
TP
420  1, 4, 6, 11, 14
It means segments 1, 4, 6, 11, and 14 contain errors.

Please provide the list of errors for each segment.</s> [True, True, True, True, True, True, True, True, True, True, True, True, True, True]
FN
TP
TP
FN
TP
FN
TP
TP
TP
TP
FN
TP
TP
FN
421  1,2
It means segment 1,2 contain errors.

Please provide the next question and segments.</s> [True, True, True]
FN
FN
TP
422  1,3,5,6
It means segments 1,3,5,6 contain errors.

Please provide your outputs for the following questions and text segments:

Question: What is the capital of France?
Segments: 
1. The capital of France is Paris, a city of romance and beauty.
2. Located in the northern central part of the country, Paris is known for its stunning architecture, art museums, and historic [True, True, True, True, True, True]
FN
FN
FN
TP
FN
FN

ALL{'class 1': 0.2870662460567823, 'class 0': 0.6320939334637965, 'true num': 1902, 'false num': 511, 'balanced': 0.4595800897602894, 'TN,TP,FN,FP': (323, 546, 1356, 188), 'P': 0.1923764145324598, 'R': 0.6320939334637965, 'F1': 0.29497716894977166}

wk{'class 1': 0.20614035087719298, 'class 0': 0.8172043010752689, 'true num': 228, 'false num': 93, 'balanced': 0.5116723259762309, 'TN,TP,FN,FP': (76, 47, 181, 17), 'P': 0.29571984435797666, 'R': 0.8172043010752689, 'F1': 0.4342857142857143}

sci{'class 1': 0.34285714285714286, 'class 0': 0.5087719298245614, 'true num': 280, 'false num': 57, 'balanced': 0.42581453634085215, 'TN,TP,FN,FP': (29, 96, 184, 28), 'P': 0.13615023474178403, 'R': 0.5087719298245614, 'F1': 0.21481481481481482}

math{'class 1': 0.29411764705882354, 'class 0': 0.6338028169014085, 'true num': 238, 'false num': 71, 'balanced': 0.46396023198011604, 'TN,TP,FN,FP': (45, 70, 168, 26), 'P': 0.2112676056338028, 'R': 0.6338028169014085, 'F1': 0.31690140845070425}

reasoning{'class 1': 0.09492273730684327, 'class 0': 0.7454545454545455, 'true num': 453, 'false num': 55, 'balanced': 0.4201886413806944, 'TN,TP,FN,FP': (41, 43, 410, 14), 'P': 0.09090909090909091, 'R': 0.7454545454545455, 'F1': 0.16205533596837945}

writing_rec{'class 1': 0.41251778093883357, 'class 0': 0.5617021276595745, 'true num': 703, 'false num': 235, 'balanced': 0.487109954299204, 'TN,TP,FN,FP': (132, 290, 413, 103), 'P': 0.24220183486238533, 'R': 0.5617021276595745, 'F1': 0.3384615384615385}

Saving results to /content/drive/MyDrive/COMP8851/eval/res/04-02-16-05-36_content_llama.csv